

Version:	3.50
CmdLine:	C:\Users\k.majda\Desktop\BAZA\DataSorter\Proxmus.exe --l4j-debug
JNI:		No
WOW64:		Yes
Working dir:	C:\Users\k.majda\Desktop\BAZA\DataSorter\.
Requires JDK:	No
Requires 64-Bit: No
Java min ver:	1.004.000
Java max ver:	
JRE paths:	 
Check launcher:	C:\Users\k.majda\Desktop\BAZA\DataSorter\ \bin\javaw.exe (not found)
64-bit search:	SOFTWARE\JavaSoft\Java Runtime Environment...
Check:		SOFTWARE\JavaSoft\Java Runtime Environment\1.8
Version string: 1.008.000 / 64-Bit (OK)
Check launcher:	C:\Program Files\Java\jre-1.8\bin\javaw.exe (OK)
Match:		1.008.000
Runtime used:	1.008.000 (64-bit)
Launcher:	C:\Program Files\Java\jre-1.8\bin\javaw.exe
Launcher args:	-jar "C:\Users\k.majda\Desktop\BAZA\DataSorter\Proxmus.exe"
Args length:	59/32768 chars
Exit code:	0


Version:	3.50
CmdLine:	C:\Users\k.majda\Desktop\BAZA\DataSorter\Proxmus.exe --l4j-debug
JNI:		No
WOW64:		Yes
Working dir:	C:\Users\k.majda\Desktop\BAZA\DataSorter\.
Requires JDK:	No
Requires 64-Bit: No
Java min ver:	1.004.000
Java max ver:	
JRE paths:	 
Check launcher:	C:\Users\k.majda\Desktop\BAZA\DataSorter\ \bin\javaw.exe (not found)
64-bit search:	SOFTWARE\JavaSoft\Java Runtime Environment...
Check:		SOFTWARE\JavaSoft\Java Runtime Environment\1.8
Version string: 1.008.000 / 64-Bit (OK)
Check launcher:	C:\Program Files\Java\jre-1.8\bin\javaw.exe (OK)
Match:		1.008.000
Runtime used:	1.008.000 (64-bit)
Launcher:	C:\Program Files\Java\jre-1.8\bin\javaw.exe
Launcher args:	-jar "C:\Users\k.majda\Desktop\BAZA\DataSorter\Proxmus.exe"
Args length:	59/32768 chars
Exit code:	0


Version:	3.50
CmdLine:	C:\Users\k.majda\Desktop\BAZA\DataSorter\Proxmus.exe --l4j-debug
JNI:		No
WOW64:		Yes
Working dir:	C:\Users\k.majda\Desktop\BAZA\DataSorter\.
Requires JDK:	No
Requires 64-Bit: No
Java min ver:	1.004.000
Java max ver:	
JRE paths:	 
Check launcher:	C:\Users\k.majda\Desktop\BAZA\DataSorter\ \bin\javaw.exe (not found)
64-bit search:	SOFTWARE\JavaSoft\Java Runtime Environment...
Check:		SOFTWARE\JavaSoft\Java Runtime Environment\1.8
Version string: 1.008.000 / 64-Bit (OK)
Check launcher:	C:\Program Files\Java\jre-1.8\bin\javaw.exe (OK)
Match:		1.008.000
Runtime used:	1.008.000 (64-bit)
Launcher:	C:\Program Files\Java\jre-1.8\bin\javaw.exe
Launcher args:	-jar "C:\Users\k.majda\Desktop\BAZA\DataSorter\Proxmus.exe"
Args length:	59/32768 chars
Exit code:	0


Version:	3.50
CmdLine:	C:\Users\k.majda\Desktop\BAZA\DataSorter\Proxmus.exe --l4j-debug
JNI:		No
WOW64:		Yes
Working dir:	C:\Users\k.majda\Desktop\BAZA\DataSorter\.
Requires JDK:	No
Requires 64-Bit: No
Java min ver:	1.004.000
Java max ver:	
JRE paths:	 
Check launcher:	C:\Users\k.majda\Desktop\BAZA\DataSorter\ \bin\javaw.exe (not found)
64-bit search:	SOFTWARE\JavaSoft\Java Runtime Environment...
Check:		SOFTWARE\JavaSoft\Java Runtime Environment\1.8
Version string: 1.008.000 / 64-Bit (OK)
Check launcher:	C:\Program Files\Java\jre-1.8\bin\javaw.exe (OK)
Match:		1.008.000
Runtime used:	1.008.000 (64-bit)
Launcher:	C:\Program Files\Java\jre-1.8\bin\javaw.exe
Launcher args:	-jar "C:\Users\k.majda\Desktop\BAZA\DataSorter\Proxmus.exe"
Args length:	59/32768 chars
Exit code:	0
